<?xml version="1.0" encoding="UTF-8"?>
<testsuite xmlns:xsi="http://www.w3.org/2001/XMLSchema-instance" xsi:noNamespaceSchemaLocation="https://maven.apache.org/surefire/maven-surefire-plugin/xsd/surefire-test-report.xsd" name="br.edu.enascimento.servico.ContaCorrenteServiceTest" time="0.018" tests="9" errors="0" skipped="0" failures="0">
  <properties>
    <property name="sun.desktop" value="windows"/>
    <property name="awt.toolkit" value="sun.awt.windows.WToolkit"/>
    <property name="file.encoding.pkg" value="sun.io"/>
    <property name="java.specification.version" value="1.8"/>
    <property name="sun.cpu.isalist" value="pentium_pro+mmx pentium_pro pentium+mmx pentium i486 i386 i86"/>
    <property name="sun.jnu.encoding" value="Cp1252"/>
    <property name="java.class.path" value="C:\projetos-intellij\cursoTesteAutomatizado\target\test-classes;C:\projetos-intellij\cursoTesteAutomatizado\target\classes;C:\Users\edilsonnascimento\.m2\repository\org\junit\jupiter\junit-jupiter-engine\5.8.1\junit-jupiter-engine-5.8.1.jar;C:\Users\edilsonnascimento\.m2\repository\org\junit\platform\junit-platform-engine\1.8.1\junit-platform-engine-1.8.1.jar;C:\Users\edilsonnascimento\.m2\repository\org\opentest4j\opentest4j\1.2.0\opentest4j-1.2.0.jar;C:\Users\edilsonnascimento\.m2\repository\org\junit\platform\junit-platform-commons\1.8.1\junit-platform-commons-1.8.1.jar;C:\Users\edilsonnascimento\.m2\repository\org\junit\jupiter\junit-jupiter-api\5.8.1\junit-jupiter-api-5.8.1.jar;C:\Users\edilsonnascimento\.m2\repository\org\apiguardian\apiguardian-api\1.1.2\apiguardian-api-1.1.2.jar;C:\Users\edilsonnascimento\.m2\repository\org\mockito\mockito-core\4.0.0\mockito-core-4.0.0.jar;C:\Users\edilsonnascimento\.m2\repository\net\bytebuddy\byte-buddy\1.11.19\byte-buddy-1.11.19.jar;C:\Users\edilsonnascimento\.m2\repository\net\bytebuddy\byte-buddy-agent\1.11.19\byte-buddy-agent-1.11.19.jar;C:\Users\edilsonnascimento\.m2\repository\org\objenesis\objenesis\3.2\objenesis-3.2.jar;"/>
    <property name="java.vm.vendor" value="Oracle Corporation"/>
    <property name="sun.arch.data.model" value="32"/>
    <property name="user.variant" value=""/>
    <property name="java.vendor.url" value="http://java.oracle.com/"/>
    <property name="user.timezone" value="America/Sao_Paulo"/>
    <property name="java.vm.specification.version" value="1.8"/>
    <property name="os.name" value="Windows 10"/>
    <property name="user.country" value="BR"/>
    <property name="sun.java.launcher" value="SUN_STANDARD"/>
    <property name="sun.boot.library.path" value="C:\raro\java\open-jdk-8u262-b10-win-32\jre\bin"/>
    <property name="sun.java.command" value="C:\Users\EDILSO~1\AppData\Local\Temp\surefire4151846674126924170\surefirebooter5148896342617810290.jar C:\Users\edilsonnascimento\AppData\Local\Temp\surefire4151846674126924170 2021-11-21T07-53-31_364-jvmRun1 surefire8434695683257182179tmp surefire_07121261491690652790tmp"/>
    <property name="surefire.test.class.path" value="C:\projetos-intellij\cursoTesteAutomatizado\target\test-classes;C:\projetos-intellij\cursoTesteAutomatizado\target\classes;C:\Users\edilsonnascimento\.m2\repository\org\junit\jupiter\junit-jupiter-engine\5.8.1\junit-jupiter-engine-5.8.1.jar;C:\Users\edilsonnascimento\.m2\repository\org\junit\platform\junit-platform-engine\1.8.1\junit-platform-engine-1.8.1.jar;C:\Users\edilsonnascimento\.m2\repository\org\opentest4j\opentest4j\1.2.0\opentest4j-1.2.0.jar;C:\Users\edilsonnascimento\.m2\repository\org\junit\platform\junit-platform-commons\1.8.1\junit-platform-commons-1.8.1.jar;C:\Users\edilsonnascimento\.m2\repository\org\junit\jupiter\junit-jupiter-api\5.8.1\junit-jupiter-api-5.8.1.jar;C:\Users\edilsonnascimento\.m2\repository\org\apiguardian\apiguardian-api\1.1.2\apiguardian-api-1.1.2.jar;C:\Users\edilsonnascimento\.m2\repository\org\mockito\mockito-core\4.0.0\mockito-core-4.0.0.jar;C:\Users\edilsonnascimento\.m2\repository\net\bytebuddy\byte-buddy\1.11.19\byte-buddy-1.11.19.jar;C:\Users\edilsonnascimento\.m2\repository\net\bytebuddy\byte-buddy-agent\1.11.19\byte-buddy-agent-1.11.19.jar;C:\Users\edilsonnascimento\.m2\repository\org\objenesis\objenesis\3.2\objenesis-3.2.jar;"/>
    <property name="sun.cpu.endian" value="little"/>
    <property name="user.home" value="C:\Users\edilsonnascimento"/>
    <property name="user.language" value="pt"/>
    <property name="java.specification.vendor" value="Oracle Corporation"/>
    <property name="java.home" value="C:\raro\java\open-jdk-8u262-b10-win-32\jre"/>
    <property name="basedir" value="C:\projetos-intellij\cursoTesteAutomatizado"/>
    <property name="file.separator" value="\"/>
    <property name="line.separator" value="&#10;"/>
    <property name="java.vm.specification.vendor" value="Oracle Corporation"/>
    <property name="java.specification.name" value="Java Platform API Specification"/>
    <property name="java.awt.graphicsenv" value="sun.awt.Win32GraphicsEnvironment"/>
    <property name="surefire.real.class.path" value="C:\Users\EDILSO~1\AppData\Local\Temp\surefire4151846674126924170\surefirebooter5148896342617810290.jar"/>
    <property name="sun.boot.class.path" value="C:\raro\java\open-jdk-8u262-b10-win-32\jre\lib\resources.jar;C:\raro\java\open-jdk-8u262-b10-win-32\jre\lib\rt.jar;C:\raro\java\open-jdk-8u262-b10-win-32\jre\lib\sunrsasign.jar;C:\raro\java\open-jdk-8u262-b10-win-32\jre\lib\jsse.jar;C:\raro\java\open-jdk-8u262-b10-win-32\jre\lib\jce.jar;C:\raro\java\open-jdk-8u262-b10-win-32\jre\lib\charsets.jar;C:\raro\java\open-jdk-8u262-b10-win-32\jre\lib\jfr.jar;C:\raro\java\open-jdk-8u262-b10-win-32\jre\classes"/>
    <property name="user.script" value=""/>
    <property name="sun.management.compiler" value="HotSpot Tiered Compilers"/>
    <property name="java.runtime.version" value="1.8.0-262-b10"/>
    <property name="user.name" value="edilsonnascimento"/>
    <property name="path.separator" value=";"/>
    <property name="os.version" value="10.0"/>
    <property name="java.endorsed.dirs" value="C:\raro\java\open-jdk-8u262-b10-win-32\jre\lib\endorsed"/>
    <property name="java.runtime.name" value="OpenJDK Runtime Environment"/>
    <property name="file.encoding" value="Cp1252"/>
    <property name="java.vm.name" value="OpenJDK Server VM"/>
    <property name="localRepository" value="C:\Users\edilsonnascimento\.m2\repository"/>
    <property name="java.vendor.url.bug" value="http://bugreport.sun.com/bugreport/"/>
    <property name="java.io.tmpdir" value="C:\Users\EDILSO~1\AppData\Local\Temp\"/>
    <property name="java.version" value="1.8.0-262"/>
    <property name="user.dir" value="C:\projetos-intellij\cursoTesteAutomatizado"/>
    <property name="os.arch" value="x86"/>
    <property name="java.vm.specification.name" value="Java Virtual Machine Specification"/>
    <property name="java.awt.printerjob" value="sun.awt.windows.WPrinterJob"/>
    <property name="sun.os.patch.level" value=""/>
    <property name="java.library.path" value="C:\raro\java\open-jdk-8u262-b10-win-32\jre\bin;C:\Windows\Sun\Java\bin;C:\Windows\system32;C:\Windows;C:\Program Files (x86)\Common Files\Oracle\Java\javapath;C:\Windows\system32;C:\Windows;C:\Windows\System32\Wbem;C:\Windows\System32\WindowsPowerShell\v1.0\;C:\Windows\System32\OpenSSH\;C:\raro\java\open-jdk-8u262-b10-win-32\bin;C:\raro\app\apache-maven-3.8.1\bin;C:\Program Files\Git\cmd;C:\Program Files\Git\bin;C:\raro\app\sqlplus\instantclient_19_11;;C:\Program Files\Docker\Docker\resources\bin;C:\ProgramData\DockerDesktop\version-bin;C:\Users\edilsonnascimento\AppData\Local\Microsoft\WindowsApps;C:\Program Files (x86)\Sophos\Sophos SSL VPN Client\bin;."/>
    <property name="java.vm.info" value="mixed mode"/>
    <property name="java.vendor" value="OpenLogic-OpenJDK"/>
    <property name="java.vm.version" value="25.71-b10"/>
    <property name="java.ext.dirs" value="C:\raro\java\open-jdk-8u262-b10-win-32\jre\lib\ext;C:\Windows\Sun\Java\lib\ext"/>
    <property name="sun.io.unicode.encoding" value="UnicodeLittle"/>
    <property name="java.class.version" value="52.0"/>
  </properties>
  <testcase name="deveTransferirContasPeloIdDasContasCorrentes" classname="br.edu.enascimento.servico.ContaCorrenteServiceTest" time="0"/>
  <testcase name="deveRetornarUmaContaCorrentePorIdConta" classname="br.edu.enascimento.servico.ContaCorrenteServiceTest" time="0.001"/>
  <testcase name="deveApagarUmaContaPeloIdContaCorrente" classname="br.edu.enascimento.servico.ContaCorrenteServiceTest" time="0.001"/>
  <testcase name="deveRetornarUmaListaDeContasCorrente" classname="br.edu.enascimento.servico.ContaCorrenteServiceTest" time="0.001"/>
  <testcase name="deveTransferirContasPeloIdDasContasCorrenteConsiderandLimite" classname="br.edu.enascimento.servico.ContaCorrenteServiceTest" time="0.002"/>
  <testcase name="deveVerificarEstadoContaCorrenteEhAtivo" classname="br.edu.enascimento.servico.ContaCorrenteServiceTest" time="0.002"/>
  <testcase name="deveVerificarEstadoContaCorrenteEhInativo" classname="br.edu.enascimento.servico.ContaCorrenteServiceTest" time="0.002"/>
  <testcase name="naoDeveTransferirContasPeloIdDasContasCorrente" classname="br.edu.enascimento.servico.ContaCorrenteServiceTest" time="0.002"/>
  <testcase name="deveAdicionarUmaNovaContaCorrente" classname="br.edu.enascimento.servico.ContaCorrenteServiceTest" time="0.001"/>
</testsuite>